<?xml version="1.0" encoding="UTF-8"?>
<testsuite xmlns:xsi="http://www.w3.org/2001/XMLSchema-instance" xsi:noNamespaceSchemaLocation="https://maven.apache.org/surefire/maven-surefire-plugin/xsd/surefire-test-report-3.0.xsd" version="3.0" name="com.energysolution.mvp.ZadanieRekrutacyjneEnergySolutionApplicationTests" time="5.206" tests="1" errors="0" skipped="0" failures="0">
  <properties>
[...]
</properties>
  <testcase name="contextLoads" classname="com.energysolution.mvp.ZadanieRekrutacyjneEnergySolutionApplicationTests" time="0.016">
    <system-out><![CDATA[20:21:55.055 [main] INFO org.springframework.test.context.support.AnnotationConfigContextLoaderUtils -- Could not detect default configuration classes for test class [com.energysolution.mvp.ZadanieRekrutacyjneEnergySolutionApplicationTests]: ZadanieRekrutacyjneEnergySolutionApplicationTests does not declare any static, non-private, non-final, nested classes annotated with @Configuration.
20:21:55.154 [main] INFO org.springframework.boot.test.context.SpringBootTestContextBootstrapper -- Found @SpringBootConfiguration com.energysolution.mvp.ZadanieRekrutacyjneEnergySolutionApplication for test class com.energysolution.mvp.ZadanieRekrutacyjneEnergySolutionApplicationTests

  .   ____          _            __ _ _
 /\\ / ___'_ __ _ _(_)_ __  __ _ \ \ \ \
( ( )\___ | '_ | '_| | '_ \/ _` | \ \ \ \
 \\/  ___)| |_)| | | | | || (_| |  ) ) ) )
  '  |____| .__|_| |_|_| |_\__, | / / / /
 =========|_|==============|___/=/_/_/_/
 :: Spring Boot ::                (v3.2.2)

2024-02-19T20:21:55.625+01:00  INFO 21308 --- [           main] krutacyjneEnergySolutionApplicationTests : Starting ZadanieRekrutacyjneEnergySolutionApplicationTests using Java 21.0.2 with PID 21308 (started by mail in C:\D\git\mvp)
2024-02-19T20:21:55.626+01:00  INFO 21308 --- [           main] krutacyjneEnergySolutionApplicationTests : No active profile set, falling back to 1 default profile: "default"
2024-02-19T20:21:56.310+01:00  INFO 21308 --- [           main] .s.d.r.c.RepositoryConfigurationDelegate : Bootstrapping Spring Data JPA repositories in DEFAULT mode.
2024-02-19T20:21:56.367+01:00  INFO 21308 --- [           main] .s.d.r.c.RepositoryConfigurationDelegate : Finished Spring Data repository scanning in 48 ms. Found 2 JPA repository interfaces.
2024-02-19T20:21:56.840+01:00  INFO 21308 --- [           main] com.zaxxer.hikari.HikariDataSource       : HikariPool-1 - Starting...
2024-02-19T20:21:57.048+01:00  INFO 21308 --- [           main] com.zaxxer.hikari.pool.HikariPool        : HikariPool-1 - Added connection conn0: url=jdbc:h2:mem:db user=SA
2024-02-19T20:21:57.049+01:00  INFO 21308 --- [           main] com.zaxxer.hikari.HikariDataSource       : HikariPool-1 - Start completed.
2024-02-19T20:21:57.124+01:00  INFO 21308 --- [           main] liquibase.database                       : Set default schema name to PUBLIC
2024-02-19T20:21:57.459+01:00  INFO 21308 --- [           main] liquibase.changelog                      : Creating database history table with name: PUBLIC.DATABASECHANGELOG
2024-02-19T20:21:57.536+01:00  INFO 21308 --- [           main] liquibase.changelog                      : Reading from PUBLIC.DATABASECHANGELOG
2024-02-19T20:21:57.576+01:00  INFO 21308 --- [           main] liquibase.lockservice                    : Successfully acquired change log lock
2024-02-19T20:21:57.577+01:00  INFO 21308 --- [           main] liquibase.command                        : Using deploymentId: 8370517576
2024-02-19T20:21:57.578+01:00  INFO 21308 --- [           main] liquibase.changelog                      : Reading from PUBLIC.DATABASECHANGELOG
Running Changeset: db/liquibase-changelog.yaml::01_create_table_address::postgres
2024-02-19T20:21:57.615+01:00  INFO 21308 --- [           main] liquibase.changelog                      : SQL in file scripts/01_create_table_address.sql executed
2024-02-19T20:21:57.616+01:00  INFO 21308 --- [           main] liquibase.changelog                      : ChangeSet db/liquibase-changelog.yaml::01_create_table_address::postgres ran successfully in 22ms
Running Changeset: db/liquibase-changelog.yaml::02_create_table_device::postgres
2024-02-19T20:21:57.634+01:00  INFO 21308 --- [           main] liquibase.changelog                      : SQL in file scripts/02_create_table_device.sql executed
2024-02-19T20:21:57.635+01:00  INFO 21308 --- [           main] liquibase.changelog                      : ChangeSet db/liquibase-changelog.yaml::02_create_table_device::postgres ran successfully in 12ms
Running Changeset: db/liquibase-changelog.yaml::03_create_table_configuration::postgres
2024-02-19T20:21:57.644+01:00  INFO 21308 --- [           main] liquibase.changelog                      : SQL in file scripts/03_create_table_configuration.sql executed
2024-02-19T20:21:57.644+01:00  INFO 21308 --- [           main] liquibase.changelog                      : ChangeSet db/liquibase-changelog.yaml::03_create_table_configuration::postgres ran successfully in 6ms
2024-02-19T20:21:57.651+01:00  INFO 21308 --- [           main] liquibase.util                           : UPDATE SUMMARY
2024-02-19T20:21:57.651+01:00  INFO 21308 --- [           main] liquibase.util                           : Run:                          3
2024-02-19T20:21:57.651+01:00  INFO 21308 --- [           main] liquibase.util                           : Previously run:               0
2024-02-19T20:21:57.651+01:00  INFO 21308 --- [           main] liquibase.util                           : Filtered out:                 0
2024-02-19T20:21:57.652+01:00  INFO 21308 --- [           main] liquibase.util                           : -------------------------------
2024-02-19T20:21:57.652+01:00  INFO 21308 --- [           main] liquibase.util                           : Total change sets:            3
2024-02-19T20:21:57.652+01:00  INFO 21308 --- [           main] liquibase.util                           : Update summary generated
2024-02-19T20:21:57.655+01:00  INFO 21308 --- [           main] liquibase.command                        : Update command completed successfully.
Liquibase: Update has been successful. Rows affected: 3
2024-02-19T20:21:57.657+01:00  INFO 21308 --- [           main] liquibase.lockservice                    : Successfully released change log lock
2024-02-19T20:21:57.657+01:00  INFO 21308 --- [           main] liquibase.command                        : Command execution complete
2024-02-19T20:21:57.759+01:00  INFO 21308 --- [           main] o.hibernate.jpa.internal.util.LogHelper  : HHH000204: Processing PersistenceUnitInfo [name: default]
2024-02-19T20:21:57.829+01:00  INFO 21308 --- [           main] org.hibernate.Version                    : HHH000412: Hibernate ORM core version 6.4.1.Final
2024-02-19T20:21:57.872+01:00  INFO 21308 --- [           main] o.h.c.internal.RegionFactoryInitiator    : HHH000026: Second-level cache disabled
2024-02-19T20:21:57.961+01:00  INFO 21308 --- [           main] o.s.o.j.p.SpringPersistenceUnitInfo      : No LoadTimeWeaver setup: ignoring JPA class transformer
2024-02-19T20:21:58.003+01:00  WARN 21308 --- [           main] org.hibernate.orm.deprecation            : HHH90000025: H2Dialect does not need to be specified explicitly using 'hibernate.dialect' (remove the property setting and it will be selected by default)
2024-02-19T20:21:58.797+01:00  INFO 21308 --- [           main] o.h.e.t.j.p.i.JtaPlatformInitiator       : HHH000489: No JTA platform available (set 'hibernate.transaction.jta.platform' to enable JTA platform integration)
2024-02-19T20:21:58.800+01:00  INFO 21308 --- [           main] j.LocalContainerEntityManagerFactoryBean : Initialized JPA EntityManagerFactory for persistence unit 'default'
2024-02-19T20:21:59.542+01:00  WARN 21308 --- [           main] JpaBaseConfiguration$JpaWebConfiguration : spring.jpa.open-in-view is enabled by default. Therefore, database queries may be performed during view rendering. Explicitly configure spring.jpa.open-in-view to disable this warning
2024-02-19T20:21:59.958+01:00  INFO 21308 --- [           main] o.s.b.a.h2.H2ConsoleAutoConfiguration    : H2 console available at '/h2-console'. Database available at 'jdbc:h2:mem:db'
2024-02-19T20:22:00.030+01:00  INFO 21308 --- [           main] krutacyjneEnergySolutionApplicationTests : Started ZadanieRekrutacyjneEnergySolutionApplicationTests in 4.687 seconds (process running for 7.088)
]]></system-out>
  </testcase>
</testsuite>